Arguments: 
  /Users/justintesng/.nvm/versions/node/v16.14.0/bin/node /Users/justintesng/.yarn/bin/yarn.js deploy:anvil

PATH: 
  /Users/justintesng/.pyenv/shims:/opt/homebrew/opt/python@3.9/bin:/Users/justintesng/.yarn/bin:/Users/justintesng/.config/yarn/global/node_modules/.bin:/opt/homebrew/opt/openssl@3/bin:/Users/justintesng/.nvm/versions/node/v16.14.0/bin:/Users/justintesng/google-cloud-sdk/bin:/Users/justintesng/.avm/bin:/opt/homebrew/bin:/usr/local/opt/coreutils/libexec/gnubin:/Users/justintesng/Desktop/solana/bin:/Users/justintesng/.cargo/bin:/bin:/usr/bin:/usr/local/bin:/opt/homebrew/Cellar:/opt/homebrew/bin:/opt/homebrew/sbin:/usr/local/bin:/usr/bin:/bin:/usr/sbin:/sbin:/Library/Apple/usr/bin:/Users/justintesng/.pyenv/shims:/Users/justintesng/anaconda3/bin:/Users/justintesng/anaconda3/condabin:/opt/homebrew/opt/python@3.9/bin:/Users/justintesng/.yarn/bin:/Users/justintesng/.config/yarn/global/node_modules/.bin:/opt/homebrew/opt/openssl@3/bin:/Users/justintesng/.nvm/versions/node/v16.14.0/bin:/Users/justintesng/google-cloud-sdk/bin:/Users/justintesng/.avm/bin:/opt/homebrew/bin:/usr/local/opt/coreutils/libexec/gnubin:/Users/justintesng/Desktop/solana/bin:/Users/justintesng/.cargo/bin:/opt/homebrew/Cellar:/opt/homebrew/sbin:/Users/justintesng/Library/Python/3.9/bin:/Users/justintesng/.local/bin:/Users/justintesng/Library/Python/3.8/bin:/Users/justintesng/.foundry/bin:/Users/justintesng/Library/Python/3.9/bin:/Users/justintesng/.local/bin:/Users/justintesng/Library/Python/3.8/bin:/Users/justintesng/.foundry/bin:/Users/justintesng/Library/Python/3.9/bin:/Users/justintesng/.local/bin:/Users/justintesng/.foundry/bin

Yarn version: 
  1.22.19

Node version: 
  16.14.0

Platform: 
  darwin x64

Trace: 
  SyntaxError: /Users/justintesng/Desktop/projects/MoonChute/Moonchute-buckle/package.json: Unexpected token } in JSON at position 481
      at JSON.parse (<anonymous>)
      at /Users/justintesng/.yarn/lib/cli.js:1629:59
      at Generator.next (<anonymous>)
      at step (/Users/justintesng/.yarn/lib/cli.js:310:30)
      at /Users/justintesng/.yarn/lib/cli.js:321:13

npm manifest: 
  {
    "name": "@zerodevapp/contracts",
    "description": "ZeroDev Account Abstraction (EIP 4337) contracts",
    "main": "./dist/index.js",
    "version": "3.0.0-rc.5",
    "scripts": {
      "prepack": "./scripts/prepack-contracts-package.sh",
      "postpack": "./scripts/postpack-contracts-package.sh",
      "deploy:anvil": "forge script scripts/DeployMoonChute.s.sol --broadcast -f anvil -vvv",
      "deploy:mumbai": "forge script scripts/DeployMoonChute.s.sol --broadcast -f mumbai -vvv",
    },
    "devDependencies": {
      "@nomicfoundation/hardhat-foundry": "^1.0.0",
      "@nomiclabs/hardhat-ethers": "^2.2.2",
      "@typechain/ethers-v5": "^10.2.0",
      "@typechain/hardhat": "^6.1.5",
      "@types/chai": "^4.3.4",
      "@types/mocha": "^10.0.1",
      "@types/node": "^18.15.11",
      "chai": "^4.3.7",
      "ethereum-waffle": "^4.0.10",
      "hardhat": "^2.14.0",
      "hardhat-deploy": "^0.11.26",
      "keccak256": "^1.0.6",
      "merkletreejs": "^0.3.9",
      "ts-node": "^10.9.1",
      "typechain": "^8.1.1",
      "typescript": "^5.0.4"
    },
    "dependencies": {
      "@account-abstraction/contracts": "^0.6.0",
      "dotenv": "^16.0.3"
    }
  }

yarn manifest: 
  No manifest

Lockfile: 
  No lockfile
